2019-04-05 13:27:08,290 INFO o.a.j.u.JMeterUtils: Setting Locale to es_ES
2019-04-05 13:27:08,304 INFO o.a.j.u.JMeterUtils: Could not find resources for 'es_ES', using 'es'
2019-04-05 13:27:08,305 INFO o.a.j.JMeter: Loading user properties from: /home/alumnos/e341054/apache-jmeter-5.1/bin/user.properties
2019-04-05 13:27:08,305 INFO o.a.j.JMeter: Loading system properties from: /home/alumnos/e341054/apache-jmeter-5.1/bin/system.properties
2019-04-05 13:27:08,309 INFO o.a.j.JMeter: Copyright (c) 1998-2019 The Apache Software Foundation
2019-04-05 13:27:08,310 INFO o.a.j.JMeter: Version 5.1 r1853635
2019-04-05 13:27:08,310 INFO o.a.j.JMeter: java.version=1.8.0_201
2019-04-05 13:27:08,310 INFO o.a.j.JMeter: java.vm.name=Java HotSpot(TM) 64-Bit Server VM
2019-04-05 13:27:08,310 INFO o.a.j.JMeter: os.name=Linux
2019-04-05 13:27:08,310 INFO o.a.j.JMeter: os.arch=amd64
2019-04-05 13:27:08,310 INFO o.a.j.JMeter: os.version=4.15.0-29-generic
2019-04-05 13:27:08,310 INFO o.a.j.JMeter: file.encoding=UTF-8
2019-04-05 13:27:08,310 INFO o.a.j.JMeter: java.awt.headless=null
2019-04-05 13:27:08,310 INFO o.a.j.JMeter: Max memory     =1830813696
2019-04-05 13:27:08,310 INFO o.a.j.JMeter: Available Processors =4
2019-04-05 13:27:08,316 INFO o.a.j.JMeter: Default Locale=espa単ol (Espa単a)
2019-04-05 13:27:08,316 INFO o.a.j.JMeter: JMeter  Locale=espa単ol (Espa単a)
2019-04-05 13:27:08,316 INFO o.a.j.JMeter: JMeterHome=/home/alumnos/e341054/apache-jmeter-5.1
2019-04-05 13:27:08,316 INFO o.a.j.JMeter: user.dir  =/home/alumnos/e341054/SI2/p2
2019-04-05 13:27:08,316 INFO o.a.j.JMeter: PWD       =/home/alumnos/e341054/SI2/p2
2019-04-05 13:27:08,317 INFO o.a.j.JMeter: IP: 10.10.67.15 Name: 15-9-67-15 FullName: 15-9-67-15
2019-04-05 13:27:08,452 INFO o.a.j.g.a.LookAndFeelCommand: Installing Darcula LAF
2019-04-05 13:27:08,488 INFO o.a.j.g.a.LookAndFeelCommand: Using look and feel: javax.swing.plaf.nimbus.NimbusLookAndFeel [Darcula]
2019-04-05 13:27:08,488 INFO o.a.j.JMeter: Setting LAF to: javax.swing.plaf.nimbus.NimbusLookAndFeel
2019-04-05 13:27:08,556 INFO o.a.j.JMeter: Loaded icon properties from org/apache/jmeter/images/icon.properties
2019-04-05 13:27:09,039 INFO o.a.j.e.u.CompoundVariable: Note: Function class names must contain the string: '.functions.'
2019-04-05 13:27:09,039 INFO o.a.j.e.u.CompoundVariable: Note: Function class names must not contain the string: '.gui.'
2019-04-05 13:27:10,642 INFO o.a.j.p.h.s.HTTPSamplerBase: Parser for text/html is org.apache.jmeter.protocol.http.parser.LagartoBasedHtmlParser
2019-04-05 13:27:10,643 INFO o.a.j.p.h.s.HTTPSamplerBase: Parser for application/xhtml+xml is org.apache.jmeter.protocol.http.parser.LagartoBasedHtmlParser
2019-04-05 13:27:10,644 INFO o.a.j.p.h.s.HTTPSamplerBase: Parser for application/xml is org.apache.jmeter.protocol.http.parser.LagartoBasedHtmlParser
2019-04-05 13:27:10,644 INFO o.a.j.p.h.s.HTTPSamplerBase: Parser for text/xml is org.apache.jmeter.protocol.http.parser.LagartoBasedHtmlParser
2019-04-05 13:27:10,644 INFO o.a.j.p.h.s.HTTPSamplerBase: Parser for text/vnd.wap.wml is org.apache.jmeter.protocol.http.parser.RegexpHTMLParser
2019-04-05 13:27:10,644 INFO o.a.j.p.h.s.HTTPSamplerBase: Parser for text/css is org.apache.jmeter.protocol.http.parser.CssParser
2019-04-05 13:27:10,985 INFO o.a.j.e.KeyToolUtils: keytool found at 'keytool'
2019-04-05 13:27:10,986 INFO o.a.j.p.h.p.ProxyControl: HTTP(S) Test Script Recorder SSL Proxy will use keys that support embedded 3rd party resources in file /home/alumnos/e341054/apache-jmeter-5.1/bin/proxyserver.jks
2019-04-05 13:27:11,124 INFO o.a.j.s.FileServer: Default base='/home/alumnos/e341054/SI2/p2'
2019-04-05 13:27:11,482 INFO o.a.j.s.SampleResult: Note: Sample TimeStamps are START times
2019-04-05 13:27:11,482 INFO o.a.j.s.SampleResult: sampleresult.default.encoding is set to ISO-8859-1
2019-04-05 13:27:11,482 INFO o.a.j.s.SampleResult: sampleresult.useNanoTime=true
2019-04-05 13:27:11,482 INFO o.a.j.s.SampleResult: sampleresult.nanoThreadSleep=5000
2019-04-05 13:27:18,969 INFO o.a.j.g.a.Load: Loading file: /home/alumnos/e341054/SI2/p2/P2.jmx
2019-04-05 13:27:18,970 INFO o.a.j.s.FileServer: Set new base='/home/alumnos/e341054/SI2/p2'
2019-04-05 13:27:19,095 INFO o.a.j.s.SaveService: Testplan (JMX) version: 2.2. Testlog (JTL) version: 2.2
2019-04-05 13:27:19,106 INFO o.a.j.s.SaveService: Using SaveService properties file encoding UTF-8
2019-04-05 13:27:19,108 INFO o.a.j.s.SaveService: Using SaveService properties version 5.0
2019-04-05 13:27:19,113 INFO o.a.j.s.SaveService: Loading file: /home/alumnos/e341054/SI2/p2/P2.jmx
2019-04-05 13:27:19,432 INFO o.a.j.s.FileServer: Set new base='/home/alumnos/e341054/SI2/p2'
2019-04-05 13:27:28,099 INFO o.a.j.e.StandardJMeterEngine: Running the test!
2019-04-05 13:27:28,108 INFO o.a.j.s.SampleEvent: List of sample_variables: []
2019-04-05 13:27:28,108 INFO o.a.j.s.SampleEvent: List of sample_variables: []
2019-04-05 13:27:28,115 INFO o.a.j.g.u.JMeterMenuBar: setRunning(true, *local*)
2019-04-05 13:27:28,152 INFO o.a.j.e.StandardJMeterEngine: Starting ThreadGroup: 1 : P1-base
2019-04-05 13:27:28,153 INFO o.a.j.e.StandardJMeterEngine: Starting 1 threads for group P1-base.
2019-04-05 13:27:28,153 INFO o.a.j.e.StandardJMeterEngine: Thread will continue on error
2019-04-05 13:27:28,153 INFO o.a.j.t.ThreadGroup: Starting thread group... number=1 threads=1 ramp-up=1 perThread=1000.0 delayedStart=false
2019-04-05 13:27:28,156 INFO o.a.j.t.ThreadGroup: Started thread group number 1
2019-04-05 13:27:28,157 INFO o.a.j.e.StandardJMeterEngine: Waiting for thread group: P1-base to finish before starting next group
2019-04-05 13:27:28,159 INFO o.a.j.t.JMeterThread: Thread started: P1-base 1-1
2019-04-05 13:27:28,161 INFO o.a.j.s.FileServer: Stored: P2-alumnos/datagen/listado.csv
2019-04-05 13:27:28,168 INFO o.a.j.p.h.s.HTTPJavaImpl: Maximum connection retries = 0
2019-04-05 13:27:40,284 INFO o.a.j.t.JMeterThread: Thread is done: P1-base 1-1
2019-04-05 13:27:40,284 INFO o.a.j.t.JMeterThread: Thread finished: P1-base 1-1
2019-04-05 13:27:40,284 INFO o.a.j.e.StandardJMeterEngine: Starting ThreadGroup: 2 : P1-ws
2019-04-05 13:27:40,284 INFO o.a.j.e.StandardJMeterEngine: Starting 1 threads for group P1-ws.
2019-04-05 13:27:40,285 INFO o.a.j.e.StandardJMeterEngine: Thread will continue on error
2019-04-05 13:27:40,285 INFO o.a.j.t.ThreadGroup: Starting thread group... number=2 threads=1 ramp-up=1 perThread=1000.0 delayedStart=false
2019-04-05 13:27:40,285 INFO o.a.j.t.ThreadGroup: Started thread group number 2
2019-04-05 13:27:40,286 INFO o.a.j.e.StandardJMeterEngine: Waiting for thread group: P1-ws to finish before starting next group
2019-04-05 13:27:40,286 INFO o.a.j.t.JMeterThread: Thread started: P1-ws 2-1
2019-04-05 13:28:30,444 INFO o.a.j.t.JMeterThread: Thread is done: P1-ws 2-1
2019-04-05 13:28:30,444 INFO o.a.j.t.JMeterThread: Thread finished: P1-ws 2-1
2019-04-05 13:28:30,445 INFO o.a.j.e.StandardJMeterEngine: Starting ThreadGroup: 3 : P1-ejb
2019-04-05 13:28:30,445 INFO o.a.j.e.StandardJMeterEngine: Starting 1 threads for group P1-ejb.
2019-04-05 13:28:30,445 INFO o.a.j.e.StandardJMeterEngine: Thread will continue on error
2019-04-05 13:28:30,445 INFO o.a.j.t.ThreadGroup: Starting thread group... number=3 threads=1 ramp-up=1 perThread=1000.0 delayedStart=false
2019-04-05 13:28:30,446 INFO o.a.j.t.ThreadGroup: Started thread group number 3
2019-04-05 13:28:30,446 INFO o.a.j.e.StandardJMeterEngine: All thread groups have been started
2019-04-05 13:28:30,446 INFO o.a.j.t.JMeterThread: Thread started: P1-ejb 3-1
2019-04-05 13:28:53,903 INFO o.a.j.t.JMeterThread: Thread is done: P1-ejb 3-1
2019-04-05 13:28:53,903 INFO o.a.j.t.JMeterThread: Thread finished: P1-ejb 3-1
2019-04-05 13:28:53,903 INFO o.a.j.e.StandardJMeterEngine: Notifying test listeners of end of test
2019-04-05 13:28:53,904 INFO o.a.j.s.FileServer: Close: P2-alumnos/datagen/listado.csv
2019-04-05 13:28:53,904 INFO o.a.j.g.u.JMeterMenuBar: setRunning(false, *local*)
